<?xml version="1.0" encoding="UTF-8"?>
<!-- Generated by org.testng.reporters.JUnitXMLReporter -->
<testsuite ignored="0" hostname="DESKTOP-ADH2IBF" failures="0" tests="7" name="Test" time="203.382" errors="0" timestamp="18 Apr 2023 06:53:19 GMT">
  <testcase classname="com.beCognizant.TestSuites.TestCases" name="login" time="53.325"/>
  <testcase classname="com.beCognizant.TestSuites.TestCases" name="confirmBecognizant" time="3.39"/>
  <testcase classname="com.beCognizant.TestSuites.TestCases" name="displayUserName" time="2.713"/>
  <testcase classname="com.beCognizant.TestSuites.TestCases" name="scrollToFeatured" time="2.217"/>
  <testcase classname="com.beCognizant.TestSuites.TestCases" name="featuredTitleCheck" time="5.111"/>
  <testcase classname="com.beCognizant.TestSuites.TestCases" name="countNews" time="0.269"/>
  <testcase classname="com.beCognizant.TestSuites.TestCases" name="newsContent" time="73.454"/>
</testsuite> <!-- Test -->
